<?xml version="1.0" encoding="UTF-8"?>
<testsuite xmlns:xsi="http://www.w3.org/2001/XMLSchema-instance" xsi:noNamespaceSchemaLocation="https://maven.apache.org/surefire/maven-surefire-plugin/xsd/surefire-test-report-3.0.xsd" version="3.0" name="Login as a user" time="0.008" tests="4" errors="0" skipped="4" failures="0">
  <properties>
[...]
</properties>
  <testcase name="User should be able to login" classname="Login as a user" time="0">
    <skipped message="The step &quot;User is on sign on page&quot; is undefined"/>
    <system-out><![CDATA[
There were undefined steps. You can implement missing steps with the snippets below:

@Given("User is on sign on page")
public void user_is_on_sign_on_page() {
    // Write code here that turns the phrase above into concrete actions
    throw new cucumber.api.PendingException();
}

@When("User enter the credentials:")
public void user_enter_the_credentials(io.cucumber.datatable.DataTable dataTable) {
    // Write code here that turns the phrase above into concrete actions
    // For automatic transformation, change DataTable to one of
    // E, List<E>, List<List<E>>, List<Map<K,V>>, Map<K,V> or
    // Map<K, List<V>>. E,K,V must be a String, Integer, Float,
    // Double, Byte, Short, Long, BigInteger or BigDecimal.
    //
    // For other transformations you can register a DataTableType.
    throw new cucumber.api.PendingException();
}

@When("Users sends POST request to {string} with following info:")
public void users_sends_POST_request_to_with_following_info(String string, io.cucumber.datatable.DataTable dataTable) {
    // Write code here that turns the phrase above into concrete actions
    // For automatic transformation, change DataTable to one of
    // E, List<E>, List<List<E>>, List<Map<K,V>>, Map<K,V> or
    // Map<K, List<V>>. E,K,V must be a String, Integer, Float,
    // Double, Byte, Short, Long, BigInteger or BigDecimal.
    //
    // For other transformations you can register a DataTableType.
    throw new cucumber.api.PendingException();
}

@When("Clicks sign in button")
public void clicks_sign_in_button() {
    // Write code here that turns the phrase above into concrete actions
    throw new cucumber.api.PendingException();
}

@Then("User deletes previously created student")
public void user_deletes_previously_created_student() {
    // Write code here that turns the phrase above into concrete actions
    throw new cucumber.api.PendingException();
}

@Then("User should see map on homepage")
public void user_should_see_map_on_homepage() {
    // Write code here that turns the phrase above into concrete actions
    throw new cucumber.api.PendingException();
}

]]></system-out>
  </testcase>
  <testcase name="User should be able to login" classname="Login as a user" time="0">
    <skipped message="The step &quot;User enter the credentials:&quot; is undefined"/>
  </testcase>
  <testcase name="User should be able to login" classname="Login as a user" time="0">
    <skipped message="The step &quot;Clicks sign in button&quot; is undefined"/>
  </testcase>
  <testcase name="User should be able to login" classname="Login as a user" time="0">
    <skipped message="The step &quot;User should see map on homepage&quot; is undefined"/>
  </testcase>
</testsuite>